1_621.jpg 1
0_66.jpg 0
1_5.jpg 1
1_1053.jpg 1
0_727.jpg 0
1_9.jpg 1
1_829.jpg 1
0_33.jpg 0
1_549.jpg 1
1_335.jpg 1
0_578.jpg 0
0_206.jpg 0
1_762.jpg 1
0_327.jpg 0
0_856.jpg 0
0_1160.jpg 0
0_76.jpg 0
1_2.jpg 1
1_460.jpg 1
1_1039.jpg 1
0_64.jpg 0
1_334.jpg 1
0_640.jpg 0
0_1035.jpg 0
0_446.jpg 0
0_266.jpg 0
0_932.jpg 0
0_864.jpg 0
1_562.jpg 1
1_212.jpg 1
1_843.jpg 1
0_126.jpg 0
1_888.jpg 1
0_1155.jpg 0
0_509.jpg 0
0_888.jpg 0
1_318.jpg 1
0_675.jpg 0
1_499.jpg 1
0_544.jpg 0
0_1086.jpg 0
0_850.jpg 0
0_224.jpg 0
1_551.jpg 1
1_1254.jpg 1
1_432.jpg 1
0_898.jpg 0
0_654.jpg 0
1_1181.jpg 1
0_610.jpg 0
1_4.jpg 1
0_924.jpg 0
0_990.jpg 0
1_1082.jpg 1
0_707.jpg 0
1_936.jpg 1
0_650.jpg 0
0_1158.jpg 0
0_1171.jpg 0
1_1072.jpg 1
0_1057.jpg 0
1_93.jpg 1
0_953.jpg 0
1_1266.jpg 1
0_156.jpg 0
1_1037.jpg 1
1_1069.jpg 1
1_834.jpg 1
0_351.jpg 0
1_3.jpg 1
0_603.jpg 0
0_979.jpg 0
1_1161.jpg 1
0_834.jpg 0
0_226.jpg 0
0_1259.jpg 0
0_508.jpg 0
1_111.jpg 1
1_1177.jpg 1
0_542.jpg 0
0_23.jpg 0
1_785.jpg 1
1_873.jpg 1
1_836.jpg 1
0_243.jpg 0
0_824.jpg 0
1_91.jpg 1
1_848.jpg 1
0_960.jpg 0
1_459.jpg 1
0_982.jpg 0
1_1133.jpg 1
0_740.jpg 0
1_917.jpg 1
1_791.jpg 1
1_302.jpg 1
0_713.jpg 0
0_797.jpg 0
0_1116.jpg 0
1_257.jpg 1
0_123.jpg 0
0_152.jpg 0
0_666.jpg 0
1_795.jpg 1
0_1115.jpg 0
1_284.jpg 1
1_37.jpg 1
1_528.jpg 1
0_383.jpg 0
0_728.jpg 0
1_1.jpg 1
1_411.jpg 1
0_521.jpg 0
1_279.jpg 1
1_7.jpg 1
1_12.jpg 1
1_114.jpg 1
1_1123.jpg 1
1_404.jpg 1
1_195.jpg 1
0_698.jpg 0
1_568.jpg 1
0_350.jpg 0
1_960.jpg 1
0_1207.jpg 0
1_135.jpg 1
0_347.jpg 0
0_930.jpg 0
0_699.jpg 0
0_426.jpg 0
1_1182.jpg 1
0_293.jpg 0
1_819.jpg 1
1_14.jpg 1
1_1049.jpg 1
0_1071.jpg 0
1_708.jpg 1
1_8.jpg 1
0_250.jpg 0
0_1222.jpg 0
0_10.jpg 0
0_237.jpg 0
0_306.jpg 0
